The system is: Darwin - 10.5.0 - i386
Compiling the C compiler identification source file "CMakeCCompilerId.c" succeeded.
Compiler: /usr/bin/gcc 
Build flags: 
Id flags: 

The output was:
0


Compilation of the C compiler identification source "CMakeCCompilerId.c" produced "a.out"

The C compiler identification is GNU, found in "/Users/nick/ros/other/ni/build/CMakeFiles/CompilerIdC/a.out"

Compiling the CXX compiler identification source file "CMakeCXXCompilerId.cpp" succeeded.
Compiler: /usr/bin/g++ 
Build flags: 
Id flags: 

The output was:
0
CMakeCXXCompilerId.cpp:79: warning: deprecated conversion from string constant to ‘char*’
CMakeCXXCompilerId.cpp:192: warning: deprecated conversion from string constant to ‘char*’
CMakeCXXCompilerId.cpp:193: warning: deprecated conversion from string constant to ‘char*’


Compilation of the CXX compiler identification source "CMakeCXXCompilerId.cpp" produced "a.out"

The CXX compiler identification is GNU, found in "/Users/nick/ros/other/ni/build/CMakeFiles/CompilerIdCXX/a.out"

Determining if the C compiler works passed with the following output:
Change Dir: /Users/nick/ros/other/ni/build/CMakeFiles/CMakeTmp

Run Build Command:/opt/local/bin/cmakexbuild -project CMAKE_TRY_COMPILE.xcodeproj build -target cmTryCompileExec -configuration Debug

=== BUILD NATIVE TARGET cmTryCompileExec OF PROJECT CMAKE_TRY_COMPILE WITH CONFIGURATION Debug ===
Check dependencies
PhaseScriptExecution "CMake ReRun" CMAKE_TRY_COMPILE.build/Debug/cmTryCompileExec.build/Script-1008F3B701008F3B701008F3.sh
    cd /Users/nick/ros/other/ni/build/CMakeFiles/CMakeTmp
    /bin/sh -c /Users/nick/ros/other/ni/build/CMakeFiles/CMakeTmp/CMAKE_TRY_COMPILE.build/Debug/cmTryCompileExec.build/Script-1008F3B701008F3B701008F3.sh

make: `CMakeFiles/cmake.check_cache' is up to date.
CompileC CMAKE_TRY_COMPILE.build/Debug/cmTryCompileExec.build/Objects-normal/x86_64/testCCompiler.o testCCompiler.c normal x86_64 c com.apple.compilers.gcc.4_2
    cd /Users/nick/ros/other/ni/build/CMakeFiles/CMakeTmp
    /Developer/usr/bin/gcc-4.2 -x c -arch x86_64 -fmessage-length=0 -pipe -Wno-trigraphs -fpascal-strings -fasm-blocks -O0 -mdynamic-no-pic -DCMAKE_INTDIR="Debug" -isysroot /Developer/SDKs/MacOSX10.6.sdk -mmacosx-version-min=10.6 -gdwarf-2 -Wmost -Wno-four-char-constants -Wno-unknown-pragmas -F/Users/nick/ros/other/ni/build/CMakeFiles/CMakeTmp/Debug -I/Users/nick/ros/other/ni/build/CMakeFiles/CMakeTmp/Debug/include -I/Users/nick/ros/other/ni/build/CMakeFiles/CMakeTmp/CMAKE_TRY_COMPILE.build/Debug/cmTryCompileExec.build/DerivedSources/x86_64 -I/Users/nick/ros/other/ni/build/CMakeFiles/CMakeTmp/CMAKE_TRY_COMPILE.build/Debug/cmTryCompileExec.build/DerivedSources -c /Users/nick/ros/other/ni/build/CMakeFiles/CMakeTmp/testCCompiler.c -o /Users/nick/ros/other/ni/build/CMakeFiles/CMakeTmp/CMAKE_TRY_COMPILE.build/Debug/cmTryCompileExec.build/Objects-normal/x86_64/testCCompiler.o

Ld Debug/cmTryCompileExec normal x86_64
    cd /Users/nick/ros/other/ni/build/CMakeFiles/CMakeTmp
    /Developer/usr/bin/gcc-4.2 -arch x86_64 -isysroot /Developer/SDKs/MacOSX10.6.sdk -L/Users/nick/ros/other/ni/build/CMakeFiles/CMakeTmp/Debug -F/Users/nick/ros/other/ni/build/CMakeFiles/CMakeTmp/Debug -filelist /Users/nick/ros/other/ni/build/CMakeFiles/CMakeTmp/CMAKE_TRY_COMPILE.build/Debug/cmTryCompileExec.build/Objects-normal/x86_64/cmTryCompileExec.LinkFileList -mmacosx-version-min=10.6 -Wl,-search_paths_first -headerpad_max_install_names -o /Users/nick/ros/other/ni/build/CMakeFiles/CMakeTmp/Debug/cmTryCompileExec

PhaseScriptExecution "CMake PostBuild Rules" CMAKE_TRY_COMPILE.build/Debug/cmTryCompileExec.build/Script-1008F46201008F46201008F4.sh
    cd /Users/nick/ros/other/ni/build/CMakeFiles/CMakeTmp
    /bin/sh -c /Users/nick/ros/other/ni/build/CMakeFiles/CMakeTmp/CMAKE_TRY_COMPILE.build/Debug/cmTryCompileExec.build/Script-1008F46201008F46201008F4.sh

echo "Depend check for xcode"
Depend check for xcode
cd /Users/nick/ros/other/ni/build/CMakeFiles/CMakeTmp && make -C /Users/nick/ros/other/ni/build/CMakeFiles/CMakeTmp -f /Users/nick/ros/other/ni/build/CMakeFiles/CMakeTmp/CMakeScripts/XCODE_DEPEND_HELPER.make all.Debug
make[1]: Nothing to be done for `all.Debug'.
** BUILD SUCCEEDED **



Detecting C compiler ABI info compiled with the following output:
Change Dir: /Users/nick/ros/other/ni/build/CMakeFiles/CMakeTmp

Run Build Command:/opt/local/bin/cmakexbuild -project CMAKE_TRY_COMPILE.xcodeproj build -target cmTryCompileExec -configuration Debug

=== BUILD NATIVE TARGET cmTryCompileExec OF PROJECT CMAKE_TRY_COMPILE WITH CONFIGURATION Debug ===
Check dependencies
PhaseScriptExecution "CMake ReRun" CMAKE_TRY_COMPILE.build/Debug/cmTryCompileExec.build/Script-100A05330100A05330100A05.sh
    cd /Users/nick/ros/other/ni/build/CMakeFiles/CMakeTmp
    /bin/sh -c /Users/nick/ros/other/ni/build/CMakeFiles/CMakeTmp/CMAKE_TRY_COMPILE.build/Debug/cmTryCompileExec.build/Script-100A05330100A05330100A05.sh

make: `CMakeFiles/cmake.check_cache' is up to date.
CompileC CMAKE_TRY_COMPILE.build/Debug/cmTryCompileExec.build/Objects-normal/x86_64/CMakeCCompilerABI.o ../../../../../../../../opt/local/share/cmake-2.8/Modules/CMakeCCompilerABI.c normal x86_64 c com.apple.compilers.gcc.4_2
    cd /Users/nick/ros/other/ni/build/CMakeFiles/CMakeTmp
    /Developer/usr/bin/gcc-4.2 -x c -arch x86_64 -fmessage-length=0 -pipe -Wno-trigraphs -fpascal-strings -fasm-blocks -O0 -mdynamic-no-pic -DCMAKE_INTDIR="Debug" -isysroot /Developer/SDKs/MacOSX10.6.sdk -mmacosx-version-min=10.6 -gdwarf-2 -Wmost -Wno-four-char-constants -Wno-unknown-pragmas -F/Users/nick/ros/other/ni/build/CMakeFiles/CMakeTmp/Debug -I/Users/nick/ros/other/ni/build/CMakeFiles/CMakeTmp/Debug/include -I/Users/nick/ros/other/ni/build/CMakeFiles/CMakeTmp/CMAKE_TRY_COMPILE.build/Debug/cmTryCompileExec.build/DerivedSources/x86_64 -I/Users/nick/ros/other/ni/build/CMakeFiles/CMakeTmp/CMAKE_TRY_COMPILE.build/Debug/cmTryCompileExec.build/DerivedSources -c /Users/nick/ros/other/ni/build/CMakeFiles/CMakeTmp/../../../../../../../../opt/local/share/cmake-2.8/Modules/CMakeCCompilerABI.c -o /Users/nick/ros/other/ni/build/CMakeFiles/CMakeTmp/CMAKE_TRY_COMPILE.build/Debug/cmTryCompileExec.build/Objects-normal/x86_64/CMakeCCompilerABI.o

Ld Debug/cmTryCompileExec normal x86_64
    cd /Users/nick/ros/other/ni/build/CMakeFiles/CMakeTmp
    /Developer/usr/bin/gcc-4.2 -arch x86_64 -isysroot /Developer/SDKs/MacOSX10.6.sdk -L/Users/nick/ros/other/ni/build/CMakeFiles/CMakeTmp/Debug -F/Users/nick/ros/other/ni/build/CMakeFiles/CMakeTmp/Debug -filelist /Users/nick/ros/other/ni/build/CMakeFiles/CMakeTmp/CMAKE_TRY_COMPILE.build/Debug/cmTryCompileExec.build/Objects-normal/x86_64/cmTryCompileExec.LinkFileList -mmacosx-version-min=10.6 -v -Wl,-search_paths_first -headerpad_max_install_names -o /Users/nick/ros/other/ni/build/CMakeFiles/CMakeTmp/Debug/cmTryCompileExec

Using built-in specs.
Target: i686-apple-darwin10
Configured with: /var/tmp/gcc/gcc-5664~89/src/configure --disable-checking --enable-werror --prefix=/usr --mandir=/share/man --enable-languages=c,objc,c++,obj-c++ --program-transform-name=/^[cg][^.-]*$/s/$/-4.2/ --with-slibdir=/usr/lib --build=i686-apple-darwin10 --program-prefix=i686-apple-darwin10- --host=x86_64-apple-darwin10 --target=i686-apple-darwin10 --with-gxx-include-dir=/include/c++/4.2.1
Thread model: posix
gcc version 4.2.1 (Apple Inc. build 5664)
 /Developer/usr/bin/../libexec/gcc/i686-apple-darwin10/4.2.1/collect2 -dynamic -arch x86_64 -headerpad_max_install_names -macosx_version_min 10.6 -syslibroot /Developer/SDKs/MacOSX10.6.sdk -weak_reference_mismatches non-weak -o /Users/nick/ros/other/ni/build/CMakeFiles/CMakeTmp/Debug/cmTryCompileExec -lcrt1.10.6.o -L/Users/nick/ros/other/ni/build/CMakeFiles/CMakeTmp/Debug -L/Developer/usr/bin/../lib/gcc/i686-apple-darwin10/4.2.1/x86_64 -L/usr/lib/gcc/i686-apple-darwin10/4.2.1/x86_64 -L/usr/lib/gcc/i686-apple-darwin10/4.2.1/x86_64 -L/Developer/SDKs/MacOSX10.6.sdk/usr/lib/i686-apple-darwin10/4.2.1 -L/Developer/SDKs/MacOSX10.6.sdk/usr/lib -L/Developer/usr/bin/../lib/gcc/i686-apple-darwin10/4.2.1 -L/Developer/usr/bin/../lib/gcc -L. -L/opt/local/lib -L/usr/lib/gcc/i686-apple-darwin10/4.2.1 -L/usr/lib/gcc/i686-apple-darwin10/4.2.1 -L/Developer/usr/bin/../lib/gcc/i686-apple-darwin10/4.2.1/../../../i686-apple-darwin10/4.2.1 -L/Developer/usr/bin/../lib/gcc/i686-apple-darwin10/4.2.1/../../.. -L/Developer/SDKs/MacOSX10.6.sdk/usr/lib/gcc/i686-apple-darwin10/4.2.1/../../../i686-apple-darwin10/4.2.1 -L/Developer/SDKs/MacOSX10.6.sdk/usr/lib/gcc/i686-apple-darwin10/4.2.1/../../.. -filelist /Users/nick/ros/other/ni/build/CMakeFiles/CMakeTmp/CMAKE_TRY_COMPILE.build/Debug/cmTryCompileExec.build/Objects-normal/x86_64/cmTryCompileExec.LinkFileList -search_paths_first -lSystem -lgcc -lSystem -F/Users/nick/ros/other/ni/build/CMakeFiles/CMakeTmp/Debug
PhaseScriptExecution "CMake PostBuild Rules" CMAKE_TRY_COMPILE.build/Debug/cmTryCompileExec.build/Script-100A05E20100A05E20100A05.sh
    cd /Users/nick/ros/other/ni/build/CMakeFiles/CMakeTmp
    /bin/sh -c /Users/nick/ros/other/ni/build/CMakeFiles/CMakeTmp/CMAKE_TRY_COMPILE.build/Debug/cmTryCompileExec.build/Script-100A05E20100A05E20100A05.sh

echo "Depend check for xcode"
Depend check for xcode
cd /Users/nick/ros/other/ni/build/CMakeFiles/CMakeTmp && make -C /Users/nick/ros/other/ni/build/CMakeFiles/CMakeTmp -f /Users/nick/ros/other/ni/build/CMakeFiles/CMakeTmp/CMakeScripts/XCODE_DEPEND_HELPER.make all.Debug
make[1]: Nothing to be done for `all.Debug'.
** BUILD SUCCEEDED **



Determining if the CXX compiler works passed with the following output:
Change Dir: /Users/nick/ros/other/ni/build/CMakeFiles/CMakeTmp

Run Build Command:/opt/local/bin/cmakexbuild -project CMAKE_TRY_COMPILE.xcodeproj build -target cmTryCompileExec -configuration Debug

=== BUILD NATIVE TARGET cmTryCompileExec OF PROJECT CMAKE_TRY_COMPILE WITH CONFIGURATION Debug ===
Check dependencies
PhaseScriptExecution "CMake ReRun" CMAKE_TRY_COMPILE.build/Debug/cmTryCompileExec.build/Script-1008EA0801008EA0801008EA.sh
    cd /Users/nick/ros/other/ni/build/CMakeFiles/CMakeTmp
    /bin/sh -c /Users/nick/ros/other/ni/build/CMakeFiles/CMakeTmp/CMAKE_TRY_COMPILE.build/Debug/cmTryCompileExec.build/Script-1008EA0801008EA0801008EA.sh

make: `CMakeFiles/cmake.check_cache' is up to date.
CompileC CMAKE_TRY_COMPILE.build/Debug/cmTryCompileExec.build/Objects-normal/x86_64/testCXXCompiler.o testCXXCompiler.cxx normal x86_64 c++ com.apple.compilers.gcc.4_2
    cd /Users/nick/ros/other/ni/build/CMakeFiles/CMakeTmp
    /Developer/usr/bin/gcc-4.2 -x c++ -arch x86_64 -fmessage-length=0 -pipe -Wno-trigraphs -fpascal-strings -fasm-blocks -O0 -mdynamic-no-pic -DCMAKE_INTDIR="Debug" -isysroot /Developer/SDKs/MacOSX10.6.sdk -mmacosx-version-min=10.6 -gdwarf-2 -Wmost -Wno-four-char-constants -Wno-unknown-pragmas -F/Users/nick/ros/other/ni/build/CMakeFiles/CMakeTmp/Debug -I/Users/nick/ros/other/ni/build/CMakeFiles/CMakeTmp/Debug/include -I/Users/nick/ros/other/ni/build/CMakeFiles/CMakeTmp/CMAKE_TRY_COMPILE.build/Debug/cmTryCompileExec.build/DerivedSources/x86_64 -I/Users/nick/ros/other/ni/build/CMakeFiles/CMakeTmp/CMAKE_TRY_COMPILE.build/Debug/cmTryCompileExec.build/DerivedSources -c /Users/nick/ros/other/ni/build/CMakeFiles/CMakeTmp/testCXXCompiler.cxx -o /Users/nick/ros/other/ni/build/CMakeFiles/CMakeTmp/CMAKE_TRY_COMPILE.build/Debug/cmTryCompileExec.build/Objects-normal/x86_64/testCXXCompiler.o

Ld Debug/cmTryCompileExec normal x86_64
    cd /Users/nick/ros/other/ni/build/CMakeFiles/CMakeTmp
    /Developer/usr/bin/g++-4.2 -arch x86_64 -isysroot /Developer/SDKs/MacOSX10.6.sdk -L/Users/nick/ros/other/ni/build/CMakeFiles/CMakeTmp/Debug -F/Users/nick/ros/other/ni/build/CMakeFiles/CMakeTmp/Debug -filelist /Users/nick/ros/other/ni/build/CMakeFiles/CMakeTmp/CMAKE_TRY_COMPILE.build/Debug/cmTryCompileExec.build/Objects-normal/x86_64/cmTryCompileExec.LinkFileList -mmacosx-version-min=10.6 -Wl,-search_paths_first -headerpad_max_install_names -o /Users/nick/ros/other/ni/build/CMakeFiles/CMakeTmp/Debug/cmTryCompileExec

PhaseScriptExecution "CMake PostBuild Rules" CMAKE_TRY_COMPILE.build/Debug/cmTryCompileExec.build/Script-1008EAB701008EAB701008EA.sh
    cd /Users/nick/ros/other/ni/build/CMakeFiles/CMakeTmp
    /bin/sh -c /Users/nick/ros/other/ni/build/CMakeFiles/CMakeTmp/CMAKE_TRY_COMPILE.build/Debug/cmTryCompileExec.build/Script-1008EAB701008EAB701008EA.sh

echo "Depend check for xcode"
Depend check for xcode
cd /Users/nick/ros/other/ni/build/CMakeFiles/CMakeTmp && make -C /Users/nick/ros/other/ni/build/CMakeFiles/CMakeTmp -f /Users/nick/ros/other/ni/build/CMakeFiles/CMakeTmp/CMakeScripts/XCODE_DEPEND_HELPER.make all.Debug
make[1]: Nothing to be done for `all.Debug'.
** BUILD SUCCEEDED **



Detecting CXX compiler ABI info compiled with the following output:
Change Dir: /Users/nick/ros/other/ni/build/CMakeFiles/CMakeTmp

Run Build Command:/opt/local/bin/cmakexbuild -project CMAKE_TRY_COMPILE.xcodeproj build -target cmTryCompileExec -configuration Debug

=== BUILD NATIVE TARGET cmTryCompileExec OF PROJECT CMAKE_TRY_COMPILE WITH CONFIGURATION Debug ===
Check dependencies
PhaseScriptExecution "CMake ReRun" CMAKE_TRY_COMPILE.build/Debug/cmTryCompileExec.build/Script-1008F79701008F79701008F7.sh
    cd /Users/nick/ros/other/ni/build/CMakeFiles/CMakeTmp
    /bin/sh -c /Users/nick/ros/other/ni/build/CMakeFiles/CMakeTmp/CMAKE_TRY_COMPILE.build/Debug/cmTryCompileExec.build/Script-1008F79701008F79701008F7.sh

make: `CMakeFiles/cmake.check_cache' is up to date.
CompileC CMAKE_TRY_COMPILE.build/Debug/cmTryCompileExec.build/Objects-normal/x86_64/CMakeCXXCompilerABI.o ../../../../../../../../opt/local/share/cmake-2.8/Modules/CMakeCXXCompilerABI.cpp normal x86_64 c++ com.apple.compilers.gcc.4_2
    cd /Users/nick/ros/other/ni/build/CMakeFiles/CMakeTmp
    /Developer/usr/bin/gcc-4.2 -x c++ -arch x86_64 -fmessage-length=0 -pipe -Wno-trigraphs -fpascal-strings -fasm-blocks -O0 -mdynamic-no-pic -DCMAKE_INTDIR="Debug" -isysroot /Developer/SDKs/MacOSX10.6.sdk -mmacosx-version-min=10.6 -gdwarf-2 -Wmost -Wno-four-char-constants -Wno-unknown-pragmas -F/Users/nick/ros/other/ni/build/CMakeFiles/CMakeTmp/Debug -I/Users/nick/ros/other/ni/build/CMakeFiles/CMakeTmp/Debug/include -I/Users/nick/ros/other/ni/build/CMakeFiles/CMakeTmp/CMAKE_TRY_COMPILE.build/Debug/cmTryCompileExec.build/DerivedSources/x86_64 -I/Users/nick/ros/other/ni/build/CMakeFiles/CMakeTmp/CMAKE_TRY_COMPILE.build/Debug/cmTryCompileExec.build/DerivedSources -c /Users/nick/ros/other/ni/build/CMakeFiles/CMakeTmp/../../../../../../../../opt/local/share/cmake-2.8/Modules/CMakeCXXCompilerABI.cpp -o /Users/nick/ros/other/ni/build/CMakeFiles/CMakeTmp/CMAKE_TRY_COMPILE.build/Debug/cmTryCompileExec.build/Objects-normal/x86_64/CMakeCXXCompilerABI.o

Ld Debug/cmTryCompileExec normal x86_64
    cd /Users/nick/ros/other/ni/build/CMakeFiles/CMakeTmp
    /Developer/usr/bin/g++-4.2 -arch x86_64 -isysroot /Developer/SDKs/MacOSX10.6.sdk -L/Users/nick/ros/other/ni/build/CMakeFiles/CMakeTmp/Debug -F/Users/nick/ros/other/ni/build/CMakeFiles/CMakeTmp/Debug -filelist /Users/nick/ros/other/ni/build/CMakeFiles/CMakeTmp/CMAKE_TRY_COMPILE.build/Debug/cmTryCompileExec.build/Objects-normal/x86_64/cmTryCompileExec.LinkFileList -mmacosx-version-min=10.6 -v -Wl,-search_paths_first -headerpad_max_install_names -o /Users/nick/ros/other/ni/build/CMakeFiles/CMakeTmp/Debug/cmTryCompileExec

Using built-in specs.
Target: i686-apple-darwin10
Configured with: /var/tmp/gcc/gcc-5664~89/src/configure --disable-checking --enable-werror --prefix=/usr --mandir=/share/man --enable-languages=c,objc,c++,obj-c++ --program-transform-name=/^[cg][^.-]*$/s/$/-4.2/ --with-slibdir=/usr/lib --build=i686-apple-darwin10 --program-prefix=i686-apple-darwin10- --host=x86_64-apple-darwin10 --target=i686-apple-darwin10 --with-gxx-include-dir=/include/c++/4.2.1
Thread model: posix
gcc version 4.2.1 (Apple Inc. build 5664)
 /Developer/usr/bin/../libexec/gcc/i686-apple-darwin10/4.2.1/collect2 -dynamic -arch x86_64 -headerpad_max_install_names -macosx_version_min 10.6 -syslibroot /Developer/SDKs/MacOSX10.6.sdk -weak_reference_mismatches non-weak -o /Users/nick/ros/other/ni/build/CMakeFiles/CMakeTmp/Debug/cmTryCompileExec -lcrt1.10.6.o -L/Users/nick/ros/other/ni/build/CMakeFiles/CMakeTmp/Debug -L/Developer/usr/bin/../lib/gcc/i686-apple-darwin10/4.2.1/x86_64 -L/usr/lib/gcc/i686-apple-darwin10/4.2.1/x86_64 -L/usr/lib/gcc/i686-apple-darwin10/4.2.1/x86_64 -L/Developer/SDKs/MacOSX10.6.sdk/usr/lib/i686-apple-darwin10/4.2.1 -L/Developer/SDKs/MacOSX10.6.sdk/usr/lib -L/Developer/usr/bin/../lib/gcc/i686-apple-darwin10/4.2.1 -L/Developer/usr/bin/../lib/gcc -L. -L/opt/local/lib -L/usr/lib/gcc/i686-apple-darwin10/4.2.1 -L/usr/lib/gcc/i686-apple-darwin10/4.2.1 -L/Developer/usr/bin/../lib/gcc/i686-apple-darwin10/4.2.1/../../../i686-apple-darwin10/4.2.1 -L/Developer/usr/bin/../lib/gcc/i686-apple-darwin10/4.2.1/../../.. -L/Developer/SDKs/MacOSX10.6.sdk/usr/lib/gcc/i686-apple-darwin10/4.2.1/../../../i686-apple-darwin10/4.2.1 -L/Developer/SDKs/MacOSX10.6.sdk/usr/lib/gcc/i686-apple-darwin10/4.2.1/../../.. -filelist /Users/nick/ros/other/ni/build/CMakeFiles/CMakeTmp/CMAKE_TRY_COMPILE.build/Debug/cmTryCompileExec.build/Objects-normal/x86_64/cmTryCompileExec.LinkFileList -search_paths_first -lstdc++ -lSystem -lgcc -lSystem -F/Users/nick/ros/other/ni/build/CMakeFiles/CMakeTmp/Debug
PhaseScriptExecution "CMake PostBuild Rules" CMAKE_TRY_COMPILE.build/Debug/cmTryCompileExec.build/Script-1008F84601008F84601008F8.sh
    cd /Users/nick/ros/other/ni/build/CMakeFiles/CMakeTmp
    /bin/sh -c /Users/nick/ros/other/ni/build/CMakeFiles/CMakeTmp/CMAKE_TRY_COMPILE.build/Debug/cmTryCompileExec.build/Script-1008F84601008F84601008F8.sh

echo "Depend check for xcode"
Depend check for xcode
cd /Users/nick/ros/other/ni/build/CMakeFiles/CMakeTmp && make -C /Users/nick/ros/other/ni/build/CMakeFiles/CMakeTmp -f /Users/nick/ros/other/ni/build/CMakeFiles/CMakeTmp/CMakeScripts/XCODE_DEPEND_HELPER.make all.Debug
make[1]: Nothing to be done for `all.Debug'.
** BUILD SUCCEEDED **



